mode: set
github.com/dhemery/duffel/internal/duftest/fs.go:19.17,21.2 1 0
github.com/dhemery/duffel/internal/duftest/fs.go:27.48,29.51 2 0
github.com/dhemery/duffel/internal/duftest/fs.go:29.51,31.3 1 0
github.com/dhemery/duffel/internal/duftest/fs.go:32.2,33.16 2 0
github.com/dhemery/duffel/internal/duftest/fs.go:33.16,35.3 1 0
github.com/dhemery/duffel/internal/duftest/fs.go:36.2,36.18 1 0
github.com/dhemery/duffel/internal/duftest/fs.go:39.57,41.62 2 0
github.com/dhemery/duffel/internal/duftest/fs.go:41.62,43.3 1 0
github.com/dhemery/duffel/internal/duftest/fs.go:44.2,45.16 2 0
github.com/dhemery/duffel/internal/duftest/fs.go:45.16,47.3 1 0
github.com/dhemery/duffel/internal/duftest/fs.go:48.2,48.21 1 0
github.com/dhemery/duffel/internal/duftest/fs.go:51.52,54.16 3 0
github.com/dhemery/duffel/internal/duftest/fs.go:54.16,56.3 1 0
github.com/dhemery/duffel/internal/duftest/fs.go:57.2,57.18 1 0
github.com/dhemery/duffel/internal/duftest/fs.go:60.52,62.76 2 0
github.com/dhemery/duffel/internal/duftest/fs.go:62.76,64.3 1 0
github.com/dhemery/duffel/internal/duftest/fs.go:65.2,66.12 2 0
github.com/dhemery/duffel/internal/duftest/fs.go:75.38,77.2 1 0
github.com/dhemery/duffel/internal/duftest/fs.go:79.38,81.2 1 0
github.com/dhemery/duffel/internal/duftest/fs.go:83.71,84.42 1 0
github.com/dhemery/duffel/internal/duftest/fs.go:84.42,86.3 1 0
github.com/dhemery/duffel/internal/duftest/fs.go:87.2,87.32 1 0
github.com/dhemery/duffel/internal/duftest/fs.go:90.42,92.25 1 0
github.com/dhemery/duffel/internal/duftest/fs.go:92.25,94.3 1 0
github.com/dhemery/duffel/internal/duftest/fs.go:96.2,97.32 2 0
github.com/dhemery/duffel/internal/duftest/fs.go:97.32,100.17 3 0
github.com/dhemery/duffel/internal/duftest/fs.go:100.17,102.4 1 0
github.com/dhemery/duffel/internal/duftest/fs.go:104.2,104.12 1 0
github.com/dhemery/duffel/internal/duftest/fs.go:107.75,109.16 2 0
github.com/dhemery/duffel/internal/duftest/fs.go:109.16,111.3 1 0
github.com/dhemery/duffel/internal/duftest/fs.go:113.2,114.44 2 0
github.com/dhemery/duffel/internal/duftest/fs.go:114.44,116.3 1 0
github.com/dhemery/duffel/internal/duftest/fs.go:117.2,117.34 1 0
github.com/dhemery/duffel/internal/duftest/fs.go:117.34,119.3 1 0
github.com/dhemery/duffel/internal/duftest/fs.go:120.2,120.18 1 0
github.com/dhemery/duffel/internal/duftest/fs.go:130.36,132.2 1 0
github.com/dhemery/duffel/internal/duftest/fs.go:134.36,136.2 1 0
github.com/dhemery/duffel/internal/duftest/must.go:11.30,13.2 1 0
github.com/dhemery/duffel/internal/duftest/must.go:19.55,21.48 2 0
github.com/dhemery/duffel/internal/duftest/must.go:21.48,23.3 1 0
github.com/dhemery/duffel/internal/duftest/must.go:26.44,29.16 3 0
github.com/dhemery/duffel/internal/duftest/must.go:29.16,31.3 1 0
github.com/dhemery/duffel/internal/duftest/must.go:33.2,34.31 2 0
github.com/dhemery/duffel/internal/duftest/must.go:34.31,36.3 1 0
github.com/dhemery/duffel/internal/duftest/must.go:38.2,39.16 2 0
github.com/dhemery/duffel/internal/duftest/must.go:39.16,41.3 1 0
github.com/dhemery/duffel/internal/duftest/must.go:42.2,42.16 1 0
github.com/dhemery/duffel/internal/duftest/must.go:45.46,48.16 3 0
github.com/dhemery/duffel/internal/duftest/must.go:48.16,50.3 1 0
github.com/dhemery/duffel/internal/duftest/must.go:51.2,51.10 1 0
github.com/dhemery/duffel/internal/duftest/must.go:54.50,57.16 3 0
github.com/dhemery/duffel/internal/duftest/must.go:57.16,59.3 1 0
github.com/dhemery/duffel/internal/duftest/must.go:60.2,60.11 1 0
github.com/dhemery/duffel/internal/duftest/must.go:63.48,65.53 2 0
github.com/dhemery/duffel/internal/duftest/must.go:65.53,67.3 1 0
github.com/dhemery/duffel/internal/duftest/must.go:70.69,72.55 2 0
github.com/dhemery/duffel/internal/duftest/must.go:72.55,74.3 1 0
github.com/dhemery/duffel/internal/duffel/analyze.go:23.106,32.2 1 1
github.com/dhemery/duffel/internal/duffel/analyze.go:34.38,36.2 1 1
github.com/dhemery/duffel/internal/duffel/analyze.go:38.78,39.16 1 1
github.com/dhemery/duffel/internal/duffel/analyze.go:39.16,41.3 1 1
github.com/dhemery/duffel/internal/duffel/analyze.go:43.2,43.23 1 1
github.com/dhemery/duffel/internal/duffel/analyze.go:43.23,46.3 1 1
github.com/dhemery/duffel/internal/duffel/analyze.go:47.2,49.9 3 1
github.com/dhemery/duffel/internal/duffel/analyze.go:49.9,52.10 3 1
github.com/dhemery/duffel/internal/duffel/analyze.go:53.19,54.41 1 1
github.com/dhemery/duffel/internal/duffel/analyze.go:55.40,57.14 1 0
github.com/dhemery/duffel/internal/duffel/analyze.go:59.3,59.31 1 1
github.com/dhemery/duffel/internal/duffel/analyze.go:62.2,63.16 2 1
github.com/dhemery/duffel/internal/duffel/analyze.go:63.16,65.3 1 1
github.com/dhemery/duffel/internal/duffel/analyze.go:67.2,69.12 3 1
github.com/dhemery/duffel/internal/duffel/execute.go:22.58,24.16 2 1
github.com/dhemery/duffel/internal/duffel/execute.go:24.16,26.3 1 0
github.com/dhemery/duffel/internal/duffel/execute.go:28.2,35.29 4 1
github.com/dhemery/duffel/internal/duffel/execute.go:35.29,38.3 2 1
github.com/dhemery/duffel/internal/duffel/execute.go:40.2,40.33 1 1
github.com/dhemery/duffel/internal/duffel/execute.go:40.33,42.17 2 1
github.com/dhemery/duffel/internal/duffel/execute.go:42.17,43.9 1 1
github.com/dhemery/duffel/internal/duffel/execute.go:47.2,49.12 2 1
github.com/dhemery/duffel/internal/duffel/execute.go:49.12,52.3 2 0
github.com/dhemery/duffel/internal/duffel/execute.go:53.2,53.16 1 1
github.com/dhemery/duffel/internal/duffel/execute.go:53.16,55.3 1 1
github.com/dhemery/duffel/internal/duffel/execute.go:57.2,57.27 1 1
github.com/dhemery/duffel/internal/duffel/install.go:10.38,12.2 1 0
github.com/dhemery/duffel/internal/duffel/install.go:27.106,28.24 1 1
github.com/dhemery/duffel/internal/duffel/install.go:28.24,30.3 1 1
github.com/dhemery/duffel/internal/duffel/install.go:32.2,33.58 2 1
github.com/dhemery/duffel/internal/duffel/plan.go:24.55,27.59 2 1
github.com/dhemery/duffel/internal/duffel/plan.go:27.59,29.29 2 1
github.com/dhemery/duffel/internal/duffel/plan.go:29.29,30.12 1 1
github.com/dhemery/duffel/internal/duffel/plan.go:33.3,34.30 2 1
github.com/dhemery/duffel/internal/duffel/plan.go:36.2,39.3 1 1
github.com/dhemery/duffel/internal/duffel/plan.go:42.38,43.31 1 1
github.com/dhemery/duffel/internal/duffel/plan.go:43.31,44.54 1 1
github.com/dhemery/duffel/internal/duffel/plan.go:44.54,46.4 1 1
github.com/dhemery/duffel/internal/duffel/plan.go:48.2,48.12 1 1
github.com/dhemery/duffel/internal/duffel/plan.go:59.53,61.2 1 1
github.com/dhemery/duffel/internal/duffel/plan.go:66.45,68.16 2 0
github.com/dhemery/duffel/internal/duffel/plan.go:68.16,70.3 1 0
github.com/dhemery/duffel/internal/duffel/plan.go:71.2,76.16 2 0
github.com/dhemery/duffel/internal/duffel/plan.go:76.16,78.3 1 0
github.com/dhemery/duffel/internal/duffel/plan.go:80.2,83.44 3 0
github.com/dhemery/duffel/internal/duffel/plan.go:99.56,104.2 1 1
github.com/dhemery/duffel/internal/duffel/plan.go:106.34,108.2 1 0
github.com/dhemery/duffel/internal/duffel/plan.go:119.50,127.2 1 1
github.com/dhemery/duffel/internal/files/dirfs.go:19.30,24.2 1 1
github.com/dhemery/duffel/internal/files/dirfs.go:26.50,27.25 1 1
github.com/dhemery/duffel/internal/files/dirfs.go:27.25,29.3 1 1
github.com/dhemery/duffel/internal/files/dirfs.go:30.2,30.40 1 1
github.com/dhemery/duffel/internal/files/dirfs.go:33.56,35.16 2 1
github.com/dhemery/duffel/internal/files/dirfs.go:35.16,37.3 1 1
github.com/dhemery/duffel/internal/files/dirfs.go:38.2,38.23 1 1
github.com/dhemery/duffel/internal/files/dirfs.go:41.59,43.16 2 1
github.com/dhemery/duffel/internal/files/dirfs.go:43.16,45.3 1 1
github.com/dhemery/duffel/internal/files/dirfs.go:46.2,46.29 1 1
github.com/dhemery/duffel/internal/files/dirfs.go:49.55,51.16 2 1
github.com/dhemery/duffel/internal/files/dirfs.go:51.16,53.3 1 1
github.com/dhemery/duffel/internal/files/dirfs.go:54.2,54.34 1 1
